Scenario - FMOV
Logfile written - 04/22/2011 14:05:23

Subject	Trial	Event Type	Code	Time	TTime	Uncertainty	Duration	Uncertainty	ReqTime	ReqDur	Stim Type	Pair Index

fmovb	1	Response	2	275034	278235	63
fmovb	1	Response	5	278699	281900	77
fmovb	1	Response	1	280865	284066	151
fmovb	1	Response	4	285363	288564	52
fmovb	1	Response	2	288361	291562	93
fmovb	1	Response	5	289694	292895	41
fmovb	1	Response	1	297010	300211	3
fmovb	1	Response	4	297523	300724	50
fmovb	1	Response	2	308848	312049	3
fmovb	1	Response	5	309351	312552	60
fmovb	1	Response	3	451224	454425	3
fmovb	2	Picture	fixation_cross	451437	0	1	107280	2	0	107210	other	0
fmovb	3	Response	3	639433	75219	3
fmovb	4	Picture	fixation_cross	639677	0	1	107280	2	0	107210	other	0
fmovb	5	Response	3	850118	101828	3
fmovb	6	Picture	fixation_cross	850406	0	1	107280	2	0	107210	other	0
fmovb	7	Response	3	1034324	74972	6
fmovb	8	Picture	fixation_cross	1034648	0	1	107280	2	0	107210	other	0
fmovb	9	Response	3	1217733	74472	86
fmovb	10	Picture	fixation_cross	1218057	0	1	107280	2	0	107210	other	0
fmovb	11	Response	3	1398977	72307	12
fmovb	12	Picture	fixation_cross	1399300	0	1	107280	2	0	107210	other	0
fmovb	13	Response	3	1584875	76795	3
fmovb	14	Picture	fixation_cross	1585208	0	1	107280	2	0	107210	other	0
fmovb	15	Response	3	1764462	70641	146
fmovb	16	Picture	fixation_cross	1764786	0	1	107280	2	0	107210	other	0
fmovb	17	Response	3	1950203	76805	54
fmovb	18	Picture	fixation_cross	1950527	0	1	107280	2	0	107210	other	0
fmovb	19	Response	3	2130447	71141	20
fmovb	20	Picture	fixation_cross	2130771	0	1	107280	2	0	107210	other	0
fmovb	21	Response	3	2321232	82049	3
fmovb	22	Picture	fixation_cross	2321509	0	2	107280	4	0	107210	other	0
fmovb	23	Response	2	2516256	86134	146
fmovb	23	Response	5	2518422	88300	140
fmovb	23	Response	3	2523586	93464	95
fmovb	24	Picture	fixation_cross	2523909	0	1	107280	2	0	107210	other	0
